Script handler ready. Waiting for a while to ensure all other mods are done messing with NEI.
Starting NEI Filter scripting. This might take a moment to load all the modules...
Engine: JAVASCRIPT
Setting up Java Library...
Setting up FML Library...
Setting up NEI Library...
Setting up CreativeTab library...
Found creative tab: tabBloodMagic
Found creative tab: misc
Found creative tab: agricraft
Found creative tab: materials
Found creative tab: archimedesTab
Found creative tab: Automagy
Found creative tab: tools
Found creative tab: BiblioCraft
Found creative tab: BiblioCraftLights
Found creative tab: redstone
Found creative tab: BigReactors
Found creative tab: Genetics
Found creative tab: apiculture
Found creative tab: buildingBlocks
Found creative tab: tabBiomesOPlenty
Found creative tab: Botania
Found creative tab: Botany
Found creative tab: buildcraft.main
Found creative tab: buildcraft.pipes
Found creative tab: buildcraft.boards
Found creative tab: buildcraft.facades
Found creative tab: buildcraft.gates
Found creative tab: CarpentersBlocks
Found creative tab: compactmachines
Found creative tab: EnderIO
Found creative tab: decorations
Found creative tab: EnderTechAll
Found creative tab: extratic.parts
Found creative tab: extratic.blocks
Found creative tab: extratic.items
Found creative tab: extratic.buckets
Found creative tab: arboriculture
Found creative tab: lepidopterology
Found creative tab: extraUtil
Found creative tab: combat
Found creative tab: extraUtil_FMP
Found creative tab: floodlights
Found creative tab: forbidden
Found creative tab: mobcrystal
Found creative tab: forestry
Found creative tab: transportation
Found creative tab: tabForgottenRelics
Found creative tab: GalacticraftItems
Found creative tab: GalacticraftBlocks
Found creative tab: AddonsBlocks
Found creative tab: AddonsItems
Found creative tab: AddonsArmor
Found creative tab: AddonsRocket
Found creative tab: gardenCore
Found creative tab: gardenTrees
Found creative tab: tabHardcoreEnderExpansion
Found creative tab: IC2
Found creative tab: ImmersiveEngineering
Found creative tab: jabba
Found creative tab: JAKJ_RedstoneInMotion
Found creative tab: Logistics_Pipes
Found creative tab: magicBees
Found creative tab: food
Found creative tab: tabMekanism
Found creative tab: MineFactory Reloaded
Found creative tab: natura.plants
Found creative tab: natura.nether
Found creative tab: natura.trees
Found creative tab: Nether Ores
Found creative tab: tabOpenBlocks
Found creative tab: OpenComputers
Found creative tab: tabOpenPeripheralAddons
Found creative tab: Pistronics2
Found creative tab: tabPneumaticCraft
Found creative tab: TConstructBlocks
Found creative tab: core
Found creative tab: expansion
Found creative tab: exploration
Found creative tab: fab
Found creative tab: ill
Found creative tab: int
Found creative tab: trans
Found creative tab: transport
Found creative tab: RArm.creativeTab
Found creative tab: railcraft
Found creative tab: Random Things
Found creative tab: redstonearsenal.creativeTab
Found creative tab: soul_shards_the_old_ways
Found creative tab: tabSanguimancy
Found creative tab: sfm
Found creative tab: SC2Blocks
Found creative tab: SC2Modules
Found creative tab: SC2Items
Found creative tab: storageDrawers
Found creative tab: TConstructWeaponry
Found creative tab: TConstructParts
Found creative tab: TConstructTools
Found creative tab: TConstructMaterials
Found creative tab: TConstructEquipables
Found creative tab: TMechworks
Found creative tab: TaintedMagic
Found creative tab: thaumcraft
Found creative tab: ThaumicTinkerer
Found creative tab: brewing
Found creative tab: thermaldynamics.creativeTab
Found creative tab: thermaldynamics.creativeTabCovers
Found creative tab: thermalexpansion.creativeTabBlocks
Found creative tab: thermalexpansion.creativeTabItems
Found creative tab: thermalexpansion.creativeTabTools
Found creative tab: thermalexpansion.creativeTabFlorbs
Found creative tab: thermalfoundation.creativeTab
Found creative tab: thermalfoundation.creativeTabArmor
Found creative tab: thermalfoundation.creativeTabTools
Found creative tab: travellersgear
Found creative tab: twilightForest
Found creative tab: witchinggadgets
Found creative tab: ztones
Found creative tab: origin
Found creative tab: bdew.generators
Found creative tab: bdew.ae2stuff
Found creative tab: ae2wct
Found creative tab: aether_material
Found creative tab: aether_blocks
Found creative tab: aether_misc
Found creative tab: aether_accessories
Found creative tab: aether_food
Found creative tab: aether_weapons
Found creative tab: aether_tools
Found creative tab: aether_armor
Found creative tab: aobd
Found creative tab: appliedenergistics2
Found creative tab: appliedenergistics2.facades
Found creative tab: appliedintegrations
Found creative tab: arcaneengineering
Found creative tab: JordTab
Found creative tab: armourersworkshop
Found creative tab: Ars Magica Items
Found creative tab: Ars Magica Blocks
Found creative tab: catwalks
Found creative tab: tabFurniture
Found creative tab: tabWoodChiselBlocks
Found creative tab: tabStairChiselBlocks
Found creative tab: tabModdedChiselBlocks
Found creative tab: tabStoneChiselBlocks
Found creative tab: tabOtherChiselBlocks
Found creative tab: tabChisel
Found creative tab: tabMetalChiselBlocks
Found creative tab: tabComputronics
Found creative tab: cookingbook
Found creative tab: chiselAncientTrees
Found creative tab: dendrology
Found creative tab: storageDrawersAncientTrees
Found creative tab: enhancedportals
Found creative tab: etfuturum
Found creative tab: Ewy's Workshop
Found creative tab: Extra_Cells
Found creative tab: gadomancy
Found creative tab: bdew.gendustry
Found creative tab: bdew.samples
Found creative tab: bdew.templates
Found creative tab: guideapi.creativeTab
Found creative tab: tabHarvestCraft2
Found creative tab: tabHarvestCraft3
Found creative tab: tabHarvestCraft
Found creative tab: immersiveintegration
Found creative tab: ironbackpacks
Found creative tab: malisisdoors
Found creative tab: netherliciousFood
Found creative tab: netherliciousItems
Found creative tab: netherliciousBlocks
Found creative tab: netherliciousDecoration
Found creative tab: netherliciousArmorTools
Found creative tab: netherliciousTechnical
Found creative tab: tabOpenFM
Found creative tab: openmodularturrets
Found creative tab: physicaCore
Found creative tab: physicaforcefieldsForcefield
Found creative tab: physicanuclearphysicsNuclearPhysics
Found creative tab: portalBlocks
Found creative tab: bdew.canisters
Found creative tab: bdew.pressure
Found creative tab: RfTools
Found creative tab: RfToolsDimlets
Found creative tab: tabSimplyJetpacks
Found creative tab: simplypaths
Found creative tab: simplypathsmechanical
Found creative tab: Thaumic Bases Blocks
Found creative tab: Thaumic Bases Items
Found creative tab: ThaumicEnergistics
Found creative tab: thaumicinfusion
Found creative tab: TinkerIO_Tabs
Found creative tab: tis3d
Found creative tab: tabWitchery
Found creative tab: xreliquary
Found creative tab: zettaindustries
Setting up ForgeMicroblock Library...
Setting up ExtraUtilities Library...
Setting up BuildCraft Library...
Setting up Applied Energistics 2 Library...
Loading table of contents for module: custom_nei_filters, 1.0, Author: denoflionsx
Bootstrap setting found. Loading: Bootstrap.js
Loading: AppliedEnergistics2.js
getFacadeItem called. Returned: appliedenergistics2:item.ItemFacade
getSubTypes called.
getNumberOfTypes called. Returned: 3687
override called. Params: appliedenergistics2, item.ItemFacade, 780
Regex match found! appliedenergistics2:item.ItemFacade matches appliedenergistics2:item.ItemFacade.
Found ItemStack appliedenergistics2:item.ItemFacade. 64xitem.appliedenergistics2.ItemFacade@0
Loading: AgriCraft.js
override called. Params: AgriCraft, waterTank, 0
Regex match found! AgriCraft:waterTank matches AgriCraft:waterTank.
Found ItemStack AgriCraft:waterTank. 64xtile.agricraft:waterTank@0
override called. Params: AgriCraft, waterChannel, 0
Regex match found! AgriCraft:waterChannel matches AgriCraft:waterChannel.
Found ItemStack AgriCraft:waterChannel. 64xtile.agricraft:waterChannel@0
override called. Params: AgriCraft, waterChannelFull, 0
Regex match found! AgriCraft:waterChannelFull matches AgriCraft:waterChannelFull.
Found ItemStack AgriCraft:waterChannelFull. 64xtile.agricraft:waterChannelFull@0
override called. Params: AgriCraft, channelValve, 0
Regex match found! AgriCraft:channelValve matches AgriCraft:channelValve.
Found ItemStack AgriCraft:channelValve. 64xtile.agricraft:channelValve@0
override called. Params: AgriCraft, seedStorage, 0
Regex match found! AgriCraft:seedStorage matches AgriCraft:seedStorage.
Found ItemStack AgriCraft:seedStorage. 64xtile.agricraft:seedStorage@0
override called. Params: AgriCraft, seedStorageController, 0
Loading: Bibliocraft.js
override called. Params: BiblioCraft, *, 0
Regex match found! BiblioCraft:* matches BiblioCraft:Armor Stand.
Regex match found! BiblioCraft:* matches BiblioCraft:BiblioBell.
Regex match found! BiblioCraft:* matches BiblioCraft:BiblioBorderlessPainting.
Regex match found! BiblioCraft:* matches BiblioCraft:BiblioCase.
Regex match found! BiblioCraft:* matches BiblioCraft:BiblioClipboard.
Regex match found! BiblioCraft:* matches BiblioCraft:BiblioClock.
Regex match found! BiblioCraft:* matches BiblioCraft:BiblioDesk.
Regex match found! BiblioCraft:* matches BiblioCraft:BiblioFancyPainting.
Regex match found! BiblioCraft:* matches BiblioCraft:BiblioFancySign.
Regex match found! BiblioCraft:* matches BiblioCraft:BiblioFlatPainting.
Regex match found! BiblioCraft:* matches BiblioCraft:BiblioIronLamp.
Regex match found! BiblioCraft:* matches BiblioCraft:BiblioIronLantern.
Regex match found! BiblioCraft:* matches BiblioCraft:BiblioLabel.
Regex match found! BiblioCraft:* matches BiblioCraft:BiblioLamp.
Regex match found! BiblioCraft:* matches BiblioCraft:BiblioLantern.
Regex match found! BiblioCraft:* matches BiblioCraft:BiblioMapFrames.
Regex match found! BiblioCraft:* matches BiblioCraft:BiblioMiddlePainting.
Regex match found! BiblioCraft:* matches BiblioCraft:BiblioPaintPress.
Regex match found! BiblioCraft:* matches BiblioCraft:BiblioPaneler.
Regex match found! BiblioCraft:* matches BiblioCraft:BiblioPotionShelf.
Regex match found! BiblioCraft:* matches BiblioCraft:BiblioRack.
Regex match found! BiblioCraft:* matches BiblioCraft:BiblioSeats.
Regex match found! BiblioCraft:* matches BiblioCraft:BiblioShelf.
Regex match found! BiblioCraft:* matches BiblioCraft:BiblioSimplePainting.
Regex match found! BiblioCraft:* matches BiblioCraft:BiblioStuffs.
Regex match found! BiblioCraft:* matches BiblioCraft:BiblioSwordPedestal.
Regex match found! BiblioCraft:* matches BiblioCraft:BiblioTable.
Regex match found! BiblioCraft:* matches BiblioCraft:BiblioTypewriter.
Regex match found! BiblioCraft:* matches BiblioCraft:BiblioWorkbench.
Regex match found! BiblioCraft:* matches BiblioCraft:Bibliotheca.
Regex match found! BiblioCraft:* matches BiblioCraft:BookcaseFilled.
Regex match found! BiblioCraft:* matches BiblioCraft:Printing Press.
Regex match found! BiblioCraft:* matches BiblioCraft:Typesetting Machine.
Regex match found! BiblioCraft:* matches BiblioCraft:item.AtlasBook.
Regex match found! BiblioCraft:* matches BiblioCraft:item.AtlasPlate.
Regex match found! BiblioCraft:* matches BiblioCraft:item.BiblioChase.
Regex match found! BiblioCraft:* matches BiblioCraft:item.BiblioClipboard.
Regex match found! BiblioCraft:* matches BiblioCraft:item.BiblioCreativeLock.
Regex match found! BiblioCraft:* matches BiblioCraft:item.BiblioDrill.
Regex match found! BiblioCraft:* matches BiblioCraft:item.BiblioGlasses.
Regex match found! BiblioCraft:* matches BiblioCraft:item.BiblioMapTool.
Regex match found! BiblioCraft:* matches BiblioCraft:item.BiblioRedBook.
Regex match found! BiblioCraft:* matches BiblioCraft:item.BiblioWayPointCompass.
Regex match found! BiblioCraft:* matches BiblioCraft:item.BigBook.
Regex match found! BiblioCraft:* matches BiblioCraft:item.DeathCompass.
Regex match found! BiblioCraft:* matches BiblioCraft:item.EnchantedPlate.
Regex match found! BiblioCraft:* matches BiblioCraft:item.FramingBoard.
Regex match found! BiblioCraft:* matches BiblioCraft:item.FramingSaw.
Regex match found! BiblioCraft:* matches BiblioCraft:item.FramingSheet.
Regex match found! BiblioCraft:* matches BiblioCraft:item.HandDrill.
Regex match found! BiblioCraft:* matches BiblioCraft:item.PaintingCanvas.
Regex match found! BiblioCraft:* matches BiblioCraft:item.PlumbLine.
Regex match found! BiblioCraft:* matches BiblioCraft:item.PrintPlate.
Regex match found! BiblioCraft:* matches BiblioCraft:item.RecipeBook.
Regex match found! BiblioCraft:* matches BiblioCraft:item.SlottedBook.
Regex match found! BiblioCraft:* matches BiblioCraft:item.StockroomCatalog.
Regex match found! BiblioCraft:* matches BiblioCraft:item.TesterItem.
Regex match found! BiblioCraft:* matches BiblioCraft:item.seatBack.
Regex match found! BiblioCraft:* matches BiblioCraft:item.seatBack2.
Regex match found! BiblioCraft:* matches BiblioCraft:item.seatBack3.
Regex match found! BiblioCraft:* matches BiblioCraft:item.seatBack4.
Regex match found! BiblioCraft:* matches BiblioCraft:item.seatBack5.
Regex match found! BiblioCraft:* matches BiblioCraft:item.tape.
Regex match found! BiblioCraft:* matches BiblioCraft:item.tapeMeasure.
Regex match found! BiblioCraft:* matches BiblioCraft:tile.BiblioFramedChest.
Found ItemStack BiblioCraft:Armor Stand. 64xtile.BiblioArmorStand@0
Found ItemStack BiblioCraft:BiblioBell. 64xtile.BiblioBell@0
Found ItemStack BiblioCraft:BiblioBorderlessPainting. 64xtile.BiblioBorderlessPainting@0
Found ItemStack BiblioCraft:BiblioCase. 64xtile.BiblioCase@0
Found ItemStack BiblioCraft:BiblioClipboard. 64xtile.BiblioClipboard@0
Found ItemStack BiblioCraft:BiblioClock. 64xtile.BiblioClock@0
Found ItemStack BiblioCraft:BiblioDesk. 64xtile.BiblioDesk@0
Found ItemStack BiblioCraft:BiblioFancyPainting. 64xtile.BiblioFancyPainting@0
Found ItemStack BiblioCraft:BiblioFancySign. 64xtile.BiblioFancySign@0
Found ItemStack BiblioCraft:BiblioFlatPainting. 64xtile.BiblioFlatPainting@0
Found ItemStack BiblioCraft:BiblioIronLamp. 64xtile.BiblioIronLamp@0
Found ItemStack BiblioCraft:BiblioIronLantern. 64xtile.BiblioIronLantern@0
Found ItemStack BiblioCraft:BiblioLabel. 64xtile.BiblioLabel@0
Found ItemStack BiblioCraft:BiblioLamp. 64xtile.BiblioLamp@0
Found ItemStack BiblioCraft:BiblioLantern. 64xtile.BiblioLantern@0
Found ItemStack BiblioCraft:BiblioMapFrames. 64xtile.BiblioMapFrames@0
Found ItemStack BiblioCraft:BiblioMiddlePainting. 64xtile.BiblioMiddlePainting@0
Found ItemStack BiblioCraft:BiblioPaintPress. 64xtile.BiblioPaintPress@0
Found ItemStack BiblioCraft:BiblioPaneler. 64xtile.BiblioPaneler@0
Found ItemStack BiblioCraft:BiblioPotionShelf. 64xtile.BiblioPotionShelf@0
Found ItemStack BiblioCraft:BiblioRack. 64xtile.BiblioRack@0
Found ItemStack BiblioCraft:BiblioSeats. 64xtile.BiblioSeats@0
Found ItemStack BiblioCraft:BiblioShelf. 64xtile.BiblioShelf@0
Found ItemStack BiblioCraft:BiblioSimplePainting. 64xtile.BiblioSimplePainting@0
Found ItemStack BiblioCraft:BiblioStuffs. 64xtile.BiblioStuffs@0
Found ItemStack BiblioCraft:BiblioSwordPedestal. 64xtile.BiblioSwordPedestal@0
Found ItemStack BiblioCraft:BiblioTable. 64xtile.BiblioTable@0
Found ItemStack BiblioCraft:BiblioTypewriter. 64xtile.BiblioTypewriter@0
Found ItemStack BiblioCraft:BiblioWorkbench. 64xtile.BiblioWorkbench@0
Found ItemStack BiblioCraft:Bibliotheca. 64xtile.BiblioBookcase@0
Found ItemStack BiblioCraft:BookcaseFilled. 64xtile.BookcaseFilled@0
Found ItemStack BiblioCraft:Printing Press. 64xtile.BiblioPress@0
Found ItemStack BiblioCraft:Typesetting Machine. 64xtile.BiblioType@0
Found ItemStack BiblioCraft:item.AtlasBook. 1xitem.AtlasBook@0
Found ItemStack BiblioCraft:item.AtlasPlate. 1xitem.AtlasPlate@0
Found ItemStack BiblioCraft:item.BiblioChase. 64xitem.BiblioChase@0
Found ItemStack BiblioCraft:item.BiblioClipboard. 1xitem.BiblioClipboard@0
Found ItemStack BiblioCraft:item.BiblioCreativeLock. 1xitem.BiblioCreativeLock@0
Found ItemStack BiblioCraft:item.BiblioDrill. 1xitem.BiblioDrill@0
Found ItemStack BiblioCraft:item.BiblioGlasses. 1xitem.BiblioGlasses@0
Found ItemStack BiblioCraft:item.BiblioMapTool. 1xitem.BiblioMapTool@0
Found ItemStack BiblioCraft:item.BiblioRedBook. 64xitem.BiblioRedBook@0
Found ItemStack BiblioCraft:item.BiblioWayPointCompass. 1xitem.BiblioWayPointCompass@0
Found ItemStack BiblioCraft:item.BigBook. 1xitem.BigBook@0
Found ItemStack BiblioCraft:item.DeathCompass. 64xitem.DeathCompass@0
Found ItemStack BiblioCraft:item.EnchantedPlate. 1xitem.EnchantedPlate@0
Found ItemStack BiblioCraft:item.FramingBoard. 64xitem.FramingBoard@0
Found ItemStack BiblioCraft:item.FramingSaw. 1xitem.FramingSaw@0
Found ItemStack BiblioCraft:item.FramingSheet. 64xitem.FramingSheet@0
Found ItemStack BiblioCraft:item.HandDrill. 1xitem.HandDrill@0
Found ItemStack BiblioCraft:item.PaintingCanvas. 64xitem.PaintingCanvas@0
Found ItemStack BiblioCraft:item.PlumbLine. 1xitem.PlumbLine@0
Found ItemStack BiblioCraft:item.PrintPlate. 1xitem.PrintPlate@0
Found ItemStack BiblioCraft:item.RecipeBook. 1xitem.RecipeBook@0
Found ItemStack BiblioCraft:item.SlottedBook. 1xitem.SlottedBook@0
Found ItemStack BiblioCraft:item.StockroomCatalog. 1xitem.StockroomCatalog@0
Found ItemStack BiblioCraft:item.TesterItem. 1xitem.TesterItem@0
Found ItemStack BiblioCraft:item.seatBack. 64xitem.seatBack@0
Found ItemStack BiblioCraft:item.seatBack2. 64xitem.seatBack@0
Found ItemStack BiblioCraft:item.seatBack3. 64xitem.seatBack@0
Found ItemStack BiblioCraft:item.seatBack4. 64xitem.seatBack@0
Found ItemStack BiblioCraft:item.seatBack5. 64xitem.seatBack@0
Found ItemStack BiblioCraft:item.tape. 64xitem.tape@0
Found ItemStack BiblioCraft:item.tapeMeasure. 1xitem.tapeMeasure@0
Found ItemStack BiblioCraft:tile.BiblioFramedChest. 64xtile.BiblioFramedChest@0
override called. Params: BiblioCraft, BiblioPaneler, 0,6
Regex match found! BiblioCraft:BiblioPaneler matches BiblioCraft:BiblioPaneler.
Found ItemStack BiblioCraft:BiblioPaneler. 64xtile.BiblioPaneler@0
override called. Params: BiblioCraft, BiblioClock, 0,6
Regex match found! BiblioCraft:BiblioClock matches BiblioCraft:BiblioClock.
Found ItemStack BiblioCraft:BiblioClock. 64xtile.BiblioClock@0
override called. Params: BiblioCraft, BiblioFlatPainting, 0,6
Regex match found! BiblioCraft:BiblioFlatPainting matches BiblioCraft:BiblioFlatPainting.
Found ItemStack BiblioCraft:BiblioFlatPainting. 64xtile.BiblioFlatPainting@0
override called. Params: BiblioCraft, BiblioSimplePainting, 0,6
Regex match found! BiblioCraft:BiblioSimplePainting matches BiblioCraft:BiblioSimplePainting.
Found ItemStack BiblioCraft:BiblioSimplePainting. 64xtile.BiblioSimplePainting@0
override called. Params: BiblioCraft, BiblioMiddlePainting, 0,6
Regex match found! BiblioCraft:BiblioMiddlePainting matches BiblioCraft:BiblioMiddlePainting.
Found ItemStack BiblioCraft:BiblioMiddlePainting. 64xtile.BiblioMiddlePainting@0
override called. Params: BiblioCraft, BiblioFancyPainting, 0,6
Regex match found! BiblioCraft:BiblioFancyPainting matches BiblioCraft:BiblioFancyPainting.
Found ItemStack BiblioCraft:BiblioFancyPainting. 64xtile.BiblioFancyPainting@0
override called. Params: BiblioCraft, BiblioBorderlessPainting, 0,6
Regex match found! BiblioCraft:BiblioBorderlessPainting matches BiblioCraft:BiblioBorderlessPainting.
Found ItemStack BiblioCraft:BiblioBorderlessPainting. 64xtile.BiblioBorderlessPainting@0
override called. Params: BiblioCraft, BiblioFancySign, 0,6
Regex match found! BiblioCraft:BiblioFancySign matches BiblioCraft:BiblioFancySign.
Found ItemStack BiblioCraft:BiblioFancySign. 64xtile.BiblioFancySign@0
override called. Params: BiblioCraft, BiblioWorkbench, 0,6
Regex match found! BiblioCraft:BiblioWorkbench matches BiblioCraft:BiblioWorkbench.
Found ItemStack BiblioCraft:BiblioWorkbench. 64xtile.BiblioWorkbench@0
override called. Params: BiblioCraft, Bibliotheca, 0,6
Regex match found! BiblioCraft:Bibliotheca matches BiblioCraft:Bibliotheca.
Found ItemStack BiblioCraft:Bibliotheca. 64xtile.BiblioBookcase@0
override called. Params: BiblioCraft, BookcaseFilled, 0,6
Regex match found! BiblioCraft:BookcaseFilled matches BiblioCraft:BookcaseFilled.
Found ItemStack BiblioCraft:BookcaseFilled. 64xtile.BookcaseFilled@0
override called. Params: BiblioCraft, BiblioPotionShelf, 0,6
Regex match found! BiblioCraft:BiblioPotionShelf matches BiblioCraft:BiblioPotionShelf.
Found ItemStack BiblioCraft:BiblioPotionShelf. 64xtile.BiblioPotionShelf@0
override called. Params: BiblioCraft, BiblioShelf, 0,6
Regex match found! BiblioCraft:BiblioShelf matches BiblioCraft:BiblioShelf.
Found ItemStack BiblioCraft:BiblioShelf. 64xtile.BiblioShelf@0
override called. Params: BiblioCraft, BiblioRack, 0,6
Regex match found! BiblioCraft:BiblioRack matches BiblioCraft:BiblioRack.
Found ItemStack BiblioCraft:BiblioRack. 64xtile.BiblioRack@0
override called. Params: BiblioCraft, BiblioCase, 0,6
Regex match found! BiblioCraft:BiblioCase matches BiblioCraft:BiblioCase.
Found ItemStack BiblioCraft:BiblioCase. 64xtile.BiblioCase@0
override called. Params: BiblioCraft, BiblioLabel, 0,6
Regex match found! BiblioCraft:BiblioLabel matches BiblioCraft:BiblioLabel.
Found ItemStack BiblioCraft:BiblioLabel. 64xtile.BiblioLabel@0
override called. Params: BiblioCraft, BiblioDesk, 0,6
Regex match found! BiblioCraft:BiblioDesk matches BiblioCraft:BiblioDesk.
Found ItemStack BiblioCraft:BiblioDesk. 64xtile.BiblioDesk@0
override called. Params: BiblioCraft, BiblioTable, 0,6
Regex match found! BiblioCraft:BiblioTable matches BiblioCraft:BiblioTable.
Found ItemStack BiblioCraft:BiblioTable. 64xtile.BiblioTable@0
override called. Params: BiblioCraft, BiblioMapFrames, 0,6
Regex match found! BiblioCraft:BiblioMapFrames matches BiblioCraft:BiblioMapFrames.
Found ItemStack BiblioCraft:BiblioMapFrames. 64xtile.BiblioMapFrames@0
override called. Params: BiblioCraft, BiblioSeats, 0,6
Regex match found! BiblioCraft:BiblioSeats matches BiblioCraft:BiblioSeats.
Found ItemStack BiblioCraft:BiblioSeats. 64xtile.BiblioSeats@0
override called. Params: BiblioCraft, item.seatBack, 0,6
Regex match found! BiblioCraft:item.seatBack matches BiblioCraft:item.seatBack.
Found ItemStack BiblioCraft:item.seatBack. 64xitem.seatBack@0
override called. Params: BiblioCraft, item.seatBack2, 0,6
Regex match found! BiblioCraft:item.seatBack2 matches BiblioCraft:item.seatBack2.
Found ItemStack BiblioCraft:item.seatBack2. 64xitem.seatBack@0
override called. Params: BiblioCraft, item.seatBack3, 0,6
Regex match found! BiblioCraft:item.seatBack3 matches BiblioCraft:item.seatBack3.
Found ItemStack BiblioCraft:item.seatBack3. 64xitem.seatBack@0
override called. Params: BiblioCraft, item.seatBack4, 0,6
Regex match found! BiblioCraft:item.seatBack4 matches BiblioCraft:item.seatBack4.
Found ItemStack BiblioCraft:item.seatBack4. 64xitem.seatBack@0
override called. Params: BiblioCraft, item.seatBack5, 0,6
Regex match found! BiblioCraft:item.seatBack5 matches BiblioCraft:item.seatBack5.
Found ItemStack BiblioCraft:item.seatBack5. 64xitem.seatBack@0
Loading: BuildCraft.js
getFacadesSize called. Returned: 5108
obliterate_microblocks called (version in info.inpureprojects.core.NEI.gtfoMicroblocks.ScriptObjects.BCObject). Params: 2869
Loading: cfm.js
hide called. Params: cfm, barstool
Regex match found! cfm:barstool matches cfm:barstool.
Found ItemStack cfm:barstool. 64xtile.barstool@0
hide called. Params: cfm, basin
Regex match found! cfm:basin matches cfm:basin.
Found ItemStack cfm:basin. 64xtile.basin@0
hide called. Params: cfm, bath1
Regex match found! cfm:bath1 matches cfm:bath1.
Found ItemStack cfm:bath1. 64xtile.bath1@0
hide called. Params: cfm, bath2
Regex match found! cfm:bath2 matches cfm:bath2.
Found ItemStack cfm:bath2. 64xtile.bath2@0
hide called. Params: cfm, bedsidecabinet
Regex match found! cfm:bedsidecabinet matches cfm:bedsidecabinet.
Found ItemStack cfm:bedsidecabinet. 64xtile.bedsidecabinet@0
hide called. Params: cfm, bin
Regex match found! cfm:bin matches cfm:bin.
Found ItemStack cfm:bin. 64xtile.bin@0
hide called. Params: cfm, birdbath
Regex match found! cfm:birdbath matches cfm:birdbath.
Found ItemStack cfm:birdbath. 64xtile.birdbath@0
hide called. Params: cfm, blender
Regex match found! cfm:blender matches cfm:blender.
Found ItemStack cfm:blender. 64xtile.blender@0
hide called. Params: cfm, blindoff
Regex match found! cfm:blindoff matches cfm:blindoff.
Found ItemStack cfm:blindoff. 64xtile.blindoff@0
hide called. Params: cfm, blindon
Regex match found! cfm:blindon matches cfm:blindon.
Found ItemStack cfm:blindon. 64xtile.blindon@0
hide called. Params: cfm, cabinet
Regex match found! cfm:cabinet matches cfm:cabinet.
Found ItemStack cfm:cabinet. 64xtile.cabinet@0
hide called. Params: cfm, ceilinglightoff
Regex match found! cfm:ceilinglightoff matches cfm:ceilinglightoff.
Found ItemStack cfm:ceilinglightoff. 64xtile.ceilinglightoff@0
hide called. Params: cfm, ceilinglighton
Regex match found! cfm:ceilinglighton matches cfm:ceilinglighton.
Found ItemStack cfm:ceilinglighton. 64xtile.ceilinglighton@0
hide called. Params: cfm, chairstone
Regex match found! cfm:chairstone matches cfm:chairstone.
Found ItemStack cfm:chairstone. 64xtile.chairstone@0
hide called. Params: cfm, chairwood
Regex match found! cfm:chairwood matches cfm:chairwood.
Found ItemStack cfm:chairwood. 64xtile.chairwood@0
hide called. Params: cfm, choppingboard
Regex match found! cfm:choppingboard matches cfm:choppingboard.
Found ItemStack cfm:choppingboard. 64xtile.choppingboard@0
hide called. Params: cfm, coffetablestone
Regex match found! cfm:coffetablestone matches cfm:coffetablestone.
Found ItemStack cfm:coffetablestone. 64xtile.coffetablestone@0
hide called. Params: cfm, coffetablewood
Regex match found! cfm:coffetablewood matches cfm:coffetablewood.
Found ItemStack cfm:coffetablewood. 64xtile.coffetablewood@0
hide called. Params: cfm, computer
Regex match found! cfm:computer matches cfm:computer.
Found ItemStack cfm:computer. 64xtile.computer@0
hide called. Params: cfm, cookiejar
Regex match found! cfm:cookiejar matches cfm:cookiejar.
Found ItemStack cfm:cookiejar. 64xtile.cookiejar@0
hide called. Params: cfm, couch
Regex match found! cfm:couch matches cfm:couch.
Found ItemStack cfm:couch. 64xtile.couch@0
hide called. Params: cfm, counterdoored
Regex match found! cfm:counterdoored matches cfm:counterdoored.
Found ItemStack cfm:counterdoored. 64xtile.counterdoored@0
hide called. Params: cfm, countersink
Regex match found! cfm:countersink matches cfm:countersink.
Found ItemStack cfm:countersink. 64xtile.countersink@0
hide called. Params: cfm, cup
Regex match found! cfm:cup matches cfm:cup.
Found ItemStack cfm:cup. 64xtile.cup@0
hide called. Params: cfm, curtainoff
Regex match found! cfm:curtainoff matches cfm:curtainoff.
Found ItemStack cfm:curtainoff. 64xtile.curtainoff@0
hide called. Params: cfm, curtainon
Regex match found! cfm:curtainon matches cfm:curtainon.
Found ItemStack cfm:curtainon. 64xtile.curtainon@0
hide called. Params: cfm, dishwasher
Regex match found! cfm:dishwasher matches cfm:dishwasher.
Found ItemStack cfm:dishwasher. 64xtile.dishwasher@0
hide called. Params: cfm, doorbell
Regex match found! cfm:doorbell matches cfm:doorbell.
Found ItemStack cfm:doorbell. 64xtile.doorbell@0
hide called. Params: cfm, electricfence
Regex match found! cfm:electricfence matches cfm:electricfence.
Found ItemStack cfm:electricfence. 64xtile.electricfence@0
hide called. Params: cfm, firealarmoff
Regex match found! cfm:firealarmoff matches cfm:firealarmoff.
Found ItemStack cfm:firealarmoff. 64xtile.firealarmoff@0
hide called. Params: cfm, firealarmon
Regex match found! cfm:firealarmon matches cfm:firealarmon.
Found ItemStack cfm:firealarmon. 64xtile.firealarmon@0
hide called. Params: cfm, freezer
Regex match found! cfm:freezer matches cfm:freezer.
Found ItemStack cfm:freezer. 64xtile.freezer@0
hide called. Params: cfm, fridge
Regex match found! cfm:fridge matches cfm:fridge.
Found ItemStack cfm:fridge. 64xtile.fridge@0
hide called. Params: cfm, hedge
Regex match found! cfm:hedge matches cfm:hedge.
Found ItemStack cfm:hedge. 64xtile.hedge@0
hide called. Params: cfm, hey
Regex match found! cfm:hey matches cfm:hey.
Found ItemStack cfm:hey. 64xtile.hey@0
hide called. Params: cfm, ItemCrayfish
Regex match found! cfm:ItemCrayfish matches cfm:ItemCrayfish.
Found ItemStack cfm:ItemCrayfish. 1xitem.itemcrayfish@0
hide called. Params: cfm, ItemDollar
Regex match found! cfm:ItemDollar matches cfm:ItemDollar.
Found ItemStack cfm:ItemDollar. 1xitem.itemmoney@0
hide called. Params: cfm, kitchencabinet
Regex match found! cfm:kitchencabinet matches cfm:kitchencabinet.
Found ItemStack cfm:kitchencabinet. 64xtile.kitchencabinet@0
hide called. Params: cfm, lampoff
Regex match found! cfm:lampoff matches cfm:lampoff.
Found ItemStack cfm:lampoff. 64xtile.lampoff@0
hide called. Params: cfm, lampon
Regex match found! cfm:lampon matches cfm:lampon.
Found ItemStack cfm:lampon. 64xtile.lampon@0
hide called. Params: cfm, mailbox
Regex match found! cfm:mailbox matches cfm:mailbox.
Found ItemStack cfm:mailbox. 64xtile.mailbox@0
hide called. Params: cfm, microwave
Regex match found! cfm:microwave matches cfm:microwave.
Found ItemStack cfm:microwave. 64xtile.microwave@0
hide called. Params: cfm, nyan
Regex match found! cfm:nyan matches cfm:nyan.
Found ItemStack cfm:nyan. 64xtile.nyan@0
hide called. Params: cfm, oven
Regex match found! cfm:oven matches cfm:oven.
Found ItemStack cfm:oven. 64xtile.oven@0
hide called. Params: cfm, ovenoverhead
Regex match found! cfm:ovenoverhead matches cfm:ovenoverhead.
Found ItemStack cfm:ovenoverhead. 64xtile.ovenoverhead@0
hide called. Params: cfm, pattern
Regex match found! cfm:pattern matches cfm:pattern.
Found ItemStack cfm:pattern. 64xtile.pattern@0
hide called. Params: cfm, plate
Regex match found! cfm:plate matches cfm:plate.
Found ItemStack cfm:plate. 64xtile.plate@0
hide called. Params: cfm, present
Regex match found! cfm:present matches cfm:present.
Found ItemStack cfm:present. 64xtile.present@0
hide called. Params: cfm, printer
Regex match found! cfm:printer matches cfm:printer.
Found ItemStack cfm:printer. 64xtile.printer@0
hide called. Params: cfm, showerbottom
Regex match found! cfm:showerbottom matches cfm:showerbottom.
Found ItemStack cfm:showerbottom. 64xtile.showerbottom@0
hide called. Params: cfm, showerheadoff
Regex match found! cfm:showerheadoff matches cfm:showerheadoff.
Found ItemStack cfm:showerheadoff. 64xtile.showerheadoff@0
hide called. Params: cfm, showerheadon
Regex match found! cfm:showerheadon matches cfm:showerheadon.
Found ItemStack cfm:showerheadon. 64xtile.showerheadon@0
hide called. Params: cfm, showertop
Regex match found! cfm:showertop matches cfm:showertop.
Found ItemStack cfm:showertop. 64xtile.showertop@0
hide called. Params: cfm, stereo
Regex match found! cfm:stereo matches cfm:stereo.
Found ItemStack cfm:stereo. 64xtile.stereo@0
hide called. Params: cfm, stonepath
Regex match found! cfm:stonepath matches cfm:stonepath.
Found ItemStack cfm:stonepath. 64xtile.stonepath@0
hide called. Params: cfm, tablestone
Regex match found! cfm:tablestone matches cfm:tablestone.
Found ItemStack cfm:tablestone. 64xtile.tablestone@0
hide called. Params: cfm, tablewood
Regex match found! cfm:tablewood matches cfm:tablewood.
Found ItemStack cfm:tablewood. 64xtile.tablewood@0
hide called. Params: cfm, tap
Regex match found! cfm:tap matches cfm:tap.
Found ItemStack cfm:tap. 64xtile.tap@0
hide called. Params: cfm, toaster
Regex match found! cfm:toaster matches cfm:toaster.
Found ItemStack cfm:toaster. 64xtile.toaster@0
hide called. Params: cfm, toilet
Regex match found! cfm:toilet matches cfm:toilet.
Found ItemStack cfm:toilet. 64xtile.toilet@0
hide called. Params: cfm, tree
Regex match found! cfm:tree matches cfm:tree.
Found ItemStack cfm:tree. 64xtile.tree@0
hide called. Params: cfm, tv
Regex match found! cfm:tv matches cfm:tv.
Found ItemStack cfm:tv. 64xtile.tv@0
hide called. Params: cfm, wallcabinet
Regex match found! cfm:wallcabinet matches cfm:wallcabinet.
Found ItemStack cfm:wallcabinet. 64xtile.wallcabinet@0
hide called. Params: cfm, washingmachine
Regex match found! cfm:washingmachine matches cfm:washingmachine.
Found ItemStack cfm:washingmachine. 64xtile.washingmachine@0
hide called. Params: cfm, whitefence
Regex match found! cfm:whitefence matches cfm:whitefence.
Found ItemStack cfm:whitefence. 64xtile.whitefence@0
hide called. Params: cfm, whiteGlass
Regex match found! cfm:whiteGlass matches cfm:whiteGlass.
Found ItemStack cfm:whiteGlass. 64xtile.whiteGlass@0
hide called. Params: cfm, yellowGlow
Regex match found! cfm:yellowGlow matches cfm:yellowGlow.
Found ItemStack cfm:yellowGlow. 64xtile.yellowGlow@0
Loading: ExtraUtilities.js
override called. Params: ExtraUtilities, drum, 0,1
Regex match found! ExtraUtilities:drum matches ExtraUtilities:drum.
Found ItemStack ExtraUtilities:drum. 64xtile.extrautils:drum@0
override called. Params: ExtraUtilities, colorStoneBrick, 0
Regex match found! ExtraUtilities:colorStoneBrick matches ExtraUtilities:colorStoneBrick.
Found ItemStack ExtraUtilities:colorStoneBrick. 64xtile.extrautils:colorStoneBrick@0
override called. Params: ExtraUtilities, colorWoodPlanks, 0
Regex match found! ExtraUtilities:colorWoodPlanks matches ExtraUtilities:colorWoodPlanks.
Found ItemStack ExtraUtilities:colorWoodPlanks. 64xtile.extrautils:colorWoodPlanks@0
override called. Params: ExtraUtilities, color_lightgem, 0
Regex match found! ExtraUtilities:color_lightgem matches ExtraUtilities:color_lightgem.
Found ItemStack ExtraUtilities:color_lightgem. 64xtile.extrautils:color_lightgem@0
override called. Params: ExtraUtilities, color_stone, 0
Regex match found! ExtraUtilities:color_stone matches ExtraUtilities:color_stone.
Found ItemStack ExtraUtilities:color_stone. 64xtile.extrautils:color_stone@0
override called. Params: ExtraUtilities, color_quartzBlock, 0
Regex match found! ExtraUtilities:color_quartzBlock matches ExtraUtilities:color_quartzBlock.
Found ItemStack ExtraUtilities:color_quartzBlock. 64xtile.extrautils:color_quartzBlock@0
override called. Params: ExtraUtilities, color_hellsand, 0
Regex match found! ExtraUtilities:color_hellsand matches ExtraUtilities:color_hellsand.
Found ItemStack ExtraUtilities:color_hellsand. 64xtile.extrautils:color_hellsand@0
override called. Params: ExtraUtilities, color_redstoneLight, 0
Regex match found! ExtraUtilities:color_redstoneLight matches ExtraUtilities:color_redstoneLight.
Found ItemStack ExtraUtilities:color_redstoneLight. 64xtile.extrautils:color_redstoneLight@0
override called. Params: ExtraUtilities, color_brick, 0
Regex match found! ExtraUtilities:color_brick matches ExtraUtilities:color_brick.
Found ItemStack ExtraUtilities:color_brick. 64xtile.extrautils:color_brick@0
override called. Params: ExtraUtilities, color_stonebrick, 0
Regex match found! ExtraUtilities:color_stonebrick matches ExtraUtilities:color_stonebrick.
Found ItemStack ExtraUtilities:color_stonebrick. 64xtile.extrautils:color_stonebrick@0
override called. Params: ExtraUtilities, color_blockLapis, 0
Regex match found! ExtraUtilities:color_blockLapis matches ExtraUtilities:color_blockLapis.
Found ItemStack ExtraUtilities:color_blockLapis. 64xtile.extrautils:color_blockLapis@0
override called. Params: ExtraUtilities, color_obsidian, 0
Regex match found! ExtraUtilities:color_obsidian matches ExtraUtilities:color_obsidian.
Found ItemStack ExtraUtilities:color_obsidian. 64xtile.extrautils:color_obsidian@0
override called. Params: ExtraUtilities, color_blockRedstone, 0
Regex match found! ExtraUtilities:color_blockRedstone matches ExtraUtilities:color_blockRedstone.
Found ItemStack ExtraUtilities:color_blockRedstone. 64xtile.extrautils:color_blockRedstone@0
override called. Params: ExtraUtilities, color_blockCoal, 0
Regex match found! ExtraUtilities:color_blockCoal matches ExtraUtilities:color_blockCoal.
Found ItemStack ExtraUtilities:color_blockCoal. 64xtile.extrautils:color_blockCoal@0
override called. Params: ExtraUtilities, generator, 0,1,2,3,4,5,7,8,9,10,11
Regex match found! ExtraUtilities:generator matches ExtraUtilities:generator.
Found ItemStack ExtraUtilities:generator. 64xtile.extrautils:generator@0
override called. Params: ExtraUtilities, generator.8, 0,1,2,3,4,5,7,8,9,10,11
Regex match found! ExtraUtilities:generator.8 matches ExtraUtilities:generator.8.
Found ItemStack ExtraUtilities:generator.8. 64xtile.extrautils:generator.8@0
override called. Params: ExtraUtilities, generator.64, 0,1,2,3,4,5,7,8,9,10,11
Regex match found! ExtraUtilities:generator.64 matches ExtraUtilities:generator.64.
Found ItemStack ExtraUtilities:generator.64. 64xtile.extrautils:generator.64@0
getRandomMaterial called. Returned: BiomesOPlenty:flesh
obliterate_microblocks called (version in info.inpureprojects.core.NEI.gtfoMicroblocks.ScriptObjects.ExtraUtilitiesObject). Params: 1,2,3, BiomesOPlenty:flesh
Loading: ForbiddenMagic.js
override called. Params: ForbiddenMagic, MobCrystal, 0
Regex match found! ForbiddenMagic:MobCrystal matches ForbiddenMagic:MobCrystal.
Found ItemStack ForbiddenMagic:MobCrystal. 1xitem.MobCrystal@0
Loading: ForgeMicroblock.js
getRandomMaterial called. Returned: BiomesOPlenty:driedDirt
obliterate_microblocks called (version in info.inpureprojects.core.NEI.gtfoMicroblocks.ScriptObjects.ForgeMicroblockObject). Params: 1,2,4,257,258,260,513,514,516,769,770,772, BiomesOPlenty:driedDirt
Loading: Gendustry.js
override called. Params: gendustry, GeneSample, 0
Regex match found! gendustry:GeneSample matches gendustry:GeneSample.
Found ItemStack gendustry:GeneSample. 1xitem.gendustry.GeneSample@0
Loading: Genetics.js
override called. Params: Genetics, serumArray, 0
Regex match found! Genetics:serumArray matches Genetics:serumArray.
Found ItemStack Genetics:serumArray. 1xitem.serumArray@0
override called. Params: Genetics, serum, 0
Regex match found! Genetics:serum matches Genetics:serum.
Found ItemStack Genetics:serum. 1xitem.serum@0
Loading: Mekanism.js
override called. Params: Mekanism, MachineBlock2, 0,1,2,3,4,5,6,7,8,9,10,11,12,13,14,15
Regex match found! Mekanism:MachineBlock2 matches Mekanism:MachineBlock2.
Found ItemStack Mekanism:MachineBlock2. 1xtile.MachineBlock2@0
override called. Params: Mekanism, GasTank, 100
Regex match found! Mekanism:GasTank matches Mekanism:GasTank.
Found ItemStack Mekanism:GasTank. 1xtile.GasTank@0
override called. Params: Mekanism, *PlasticBlock, 0
Regex match found! Mekanism:*PlasticBlock matches Mekanism:GlowPlasticBlock.
Regex match found! Mekanism:*PlasticBlock matches Mekanism:PlasticBlock.
Regex match found! Mekanism:*PlasticBlock matches Mekanism:ReinforcedPlasticBlock.
Regex match found! Mekanism:*PlasticBlock matches Mekanism:RoadPlasticBlock.
Regex match found! Mekanism:*PlasticBlock matches Mekanism:SlickPlasticBlock.
Found ItemStack Mekanism:GlowPlasticBlock. 64xtile.GlowPlasticBlock@0
Found ItemStack Mekanism:PlasticBlock. 64xtile.PlasticBlock@0
Found ItemStack Mekanism:ReinforcedPlasticBlock. 64xtile.ReinforcedPlasticBlock@0
Found ItemStack Mekanism:RoadPlasticBlock. 64xtile.RoadPlasticBlock@0
Found ItemStack Mekanism:SlickPlasticBlock. 64xtile.SlickPlasticBlock@0
override called. Params: Mekanism, Balloon, 0
Regex match found! Mekanism:Balloon matches Mekanism:Balloon.
Found ItemStack Mekanism:Balloon. 64xitem.Balloon@0
override called. Params: Mekanism, GlowPanel, 0
Regex match found! Mekanism:GlowPanel matches Mekanism:GlowPanel.
Found ItemStack Mekanism:GlowPanel. 64xitem.GlowPanel@0
override called. Params: Mekanism, PlasticFence, 0
Regex match found! Mekanism:PlasticFence matches Mekanism:PlasticFence.
Found ItemStack Mekanism:PlasticFence. 64xtile.PlasticFence@0
Loading: MFR.js
override called. Params: MineFactoryReloaded, tile.mfr.stainedglass.block, 0
hide called. Params: MineFactoryReloaded:fluid.mfr.liquid.milk.still, 0
override called. Params: MineFactoryReloaded, tile.mfr.stainedglass.pane, 0
override called. Params: MineFactoryReloaded, tile.mfr.conveyor, 0
Loading: mischidden.js
hide called. Params: AWWayofTime, blockMimic
Regex match found! AWWayofTime:blockMimic matches AWWayofTime:blockMimic.
Found ItemStack AWWayofTime:blockMimic. 64xtile.blockMimic@0
hide called. Params: AWWayofTime, blockSchemSaver
Regex match found! AWWayofTime:blockSchemSaver matches AWWayofTime:blockSchemSaver.
Found ItemStack AWWayofTime:blockSchemSaver. 64xtile.schematicSaver@0
hide called. Params: AWWayofTime, bloodLight
Regex match found! AWWayofTime:bloodLight matches AWWayofTime:bloodLight.
Found ItemStack AWWayofTime:bloodLight. 64xtile.blockBloodLightSource@0
AWWayofTime:bloodMagicBaseItems:32 has a bad registry name! Attempting to parse and reassemble correctly...
Parsed bad name into: modid: AWWayofTime, name: bloodMagicBaseItems:32. If this is not correct please report it as a bug!
hide called. Params: AWWayofTime, bloodMagicBaseItems:32
hide called. Params: AWWayofTime, boundBootsWater
Regex match found! AWWayofTime:boundBootsWater matches AWWayofTime:boundBootsWater.
Found ItemStack AWWayofTime:boundBootsWater. 1xitem.boundBootsWater@0
hide called. Params: AWWayofTime, boundBootsWind
Regex match found! AWWayofTime:boundBootsWind matches AWWayofTime:boundBootsWind.
Found ItemStack AWWayofTime:boundBootsWind. 1xitem.boundBootsWind@0
hide called. Params: AWWayofTime, boundHelmetEarth
Regex match found! AWWayofTime:boundHelmetEarth matches AWWayofTime:boundHelmetEarth.
Found ItemStack AWWayofTime:boundHelmetEarth. 1xitem.boundHelmetEarth@0
hide called. Params: AWWayofTime, boundHelmetWater
Regex match found! AWWayofTime:boundHelmetWater matches AWWayofTime:boundHelmetWater.
Found ItemStack AWWayofTime:boundHelmetWater. 1xitem.boundHelmetWater@0
hide called. Params: AWWayofTime, boundHelmetWind
Regex match found! AWWayofTime:boundHelmetWind matches AWWayofTime:boundHelmetWind.
Found ItemStack AWWayofTime:boundHelmetWind. 1xitem.boundHelmetWind@0
hide called. Params: AWWayofTime, boundLeggingsEarth
Regex match found! AWWayofTime:boundLeggingsEarth matches AWWayofTime:boundLeggingsEarth.
Found ItemStack AWWayofTime:boundLeggingsEarth. 1xitem.boundLeggingsEarth@0
hide called. Params: AWWayofTime, boundLeggingsWater
Regex match found! AWWayofTime:boundLeggingsWater matches AWWayofTime:boundLeggingsWater.
Found ItemStack AWWayofTime:boundLeggingsWater. 1xitem.boundLeggingsWater@0
hide called. Params: AWWayofTime, boundLeggingsWind
Regex match found! AWWayofTime:boundLeggingsWind matches AWWayofTime:boundLeggingsWind.
Found ItemStack AWWayofTime:boundLeggingsWind. 1xitem.boundLeggingsWind@0
hide called. Params: AWWayofTime, boundPlateEarth
Regex match found! AWWayofTime:boundPlateEarth matches AWWayofTime:boundPlateEarth.
Found ItemStack AWWayofTime:boundPlateEarth. 1xitem.boundPlateEarth@0
hide called. Params: AWWayofTime, boundPlateWater
Regex match found! AWWayofTime:boundPlateWater matches AWWayofTime:boundPlateWater.
Found ItemStack AWWayofTime:boundPlateWater. 1xitem.boundPlateWater@0
hide called. Params: AWWayofTime, boundPlateWind
Regex match found! AWWayofTime:boundPlateWind matches AWWayofTime:boundPlateWind.
Found ItemStack AWWayofTime:boundPlateWind. 1xitem.boundPlateWind@0
hide called. Params: AWWayofTime, fluidSigil
Regex match found! AWWayofTime:fluidSigil matches AWWayofTime:fluidSigil.
Found ItemStack AWWayofTime:fluidSigil. 1xitem.itemFluidSigil@0
hide called. Params: AWWayofTime, itemBloodMagicBook
hide called. Params: AWWayofTime, spectralBlock
Regex match found! AWWayofTime:spectralBlock matches AWWayofTime:spectralBlock.
Found ItemStack AWWayofTime:spectralBlock. 64xtile.spectralBlock@0
hide called. Params: AWWayofTime, spectralContainer
Regex match found! AWWayofTime:spectralContainer matches AWWayofTime:spectralContainer.
Found ItemStack AWWayofTime:spectralContainer. 64xtile.blockSpectralContainer@0
hide called. Params: Botania, bifrost
Regex match found! Botania:bifrost matches Botania:bifrost.
Found ItemStack Botania:bifrost. 64xtile.bifrost@0
hide called. Params: Botania, biomeStoneA0SlabFull
Regex match found! Botania:biomeStoneA0SlabFull matches Botania:biomeStoneA0SlabFull.
Found ItemStack Botania:biomeStoneA0SlabFull. 64xtile.biomeStoneA0SlabFull@0
hide called. Params: Botania, biomeStoneA10SlabFull
Regex match found! Botania:biomeStoneA10SlabFull matches Botania:biomeStoneA10SlabFull.
Found ItemStack Botania:biomeStoneA10SlabFull. 64xtile.biomeStoneA10SlabFull@0
hide called. Params: Botania, biomeStoneA11SlabFull
Regex match found! Botania:biomeStoneA11SlabFull matches Botania:biomeStoneA11SlabFull.
Found ItemStack Botania:biomeStoneA11SlabFull. 64xtile.biomeStoneA11SlabFull@0
hide called. Params: Botania, biomeStoneA12SlabFull
Regex match found! Botania:biomeStoneA12SlabFull matches Botania:biomeStoneA12SlabFull.
Found ItemStack Botania:biomeStoneA12SlabFull. 64xtile.biomeStoneA12SlabFull@0
hide called. Params: Botania, biomeStoneA13SlabFull
Regex match found! Botania:biomeStoneA13SlabFull matches Botania:biomeStoneA13SlabFull.
Found ItemStack Botania:biomeStoneA13SlabFull. 64xtile.biomeStoneA13SlabFull@0
hide called. Params: Botania, biomeStoneA14SlabFull
Regex match found! Botania:biomeStoneA14SlabFull matches Botania:biomeStoneA14SlabFull.
Found ItemStack Botania:biomeStoneA14SlabFull. 64xtile.biomeStoneA14SlabFull@0
hide called. Params: Botania, biomeStoneA15SlabFull
Regex match found! Botania:biomeStoneA15SlabFull matches Botania:biomeStoneA15SlabFull.
Found ItemStack Botania:biomeStoneA15SlabFull. 64xtile.biomeStoneA15SlabFull@0
hide called. Params: Botania, biomeStoneA1SlabFull
Regex match found! Botania:biomeStoneA1SlabFull matches Botania:biomeStoneA1SlabFull.
Found ItemStack Botania:biomeStoneA1SlabFull. 64xtile.biomeStoneA1SlabFull@0
hide called. Params: Botania, biomeStoneA2SlabFull
Regex match found! Botania:biomeStoneA2SlabFull matches Botania:biomeStoneA2SlabFull.
Found ItemStack Botania:biomeStoneA2SlabFull. 64xtile.biomeStoneA2SlabFull@0
hide called. Params: Botania, biomeStoneA3SlabFull
Regex match found! Botania:biomeStoneA3SlabFull matches Botania:biomeStoneA3SlabFull.
Found ItemStack Botania:biomeStoneA3SlabFull. 64xtile.biomeStoneA3SlabFull@0
hide called. Params: Botania, biomeStoneA4SlabFull
Regex match found! Botania:biomeStoneA4SlabFull matches Botania:biomeStoneA4SlabFull.
Found ItemStack Botania:biomeStoneA4SlabFull. 64xtile.biomeStoneA4SlabFull@0
hide called. Params: Botania, biomeStoneA5SlabFull
Regex match found! Botania:biomeStoneA5SlabFull matches Botania:biomeStoneA5SlabFull.
Found ItemStack Botania:biomeStoneA5SlabFull. 64xtile.biomeStoneA5SlabFull@0
hide called. Params: Botania, biomeStoneA6SlabFull
Regex match found! Botania:biomeStoneA6SlabFull matches Botania:biomeStoneA6SlabFull.
Found ItemStack Botania:biomeStoneA6SlabFull. 64xtile.biomeStoneA6SlabFull@0
hide called. Params: Botania, biomeStoneA7SlabFull
Regex match found! Botania:biomeStoneA7SlabFull matches Botania:biomeStoneA7SlabFull.
Found ItemStack Botania:biomeStoneA7SlabFull. 64xtile.biomeStoneA7SlabFull@0
hide called. Params: Botania, biomeStoneA8SlabFull
Regex match found! Botania:biomeStoneA8SlabFull matches Botania:biomeStoneA8SlabFull.
Found ItemStack Botania:biomeStoneA8SlabFull. 64xtile.biomeStoneA8SlabFull@0
hide called. Params: Botania, biomeStoneA9SlabFull
Regex match found! Botania:biomeStoneA9SlabFull matches Botania:biomeStoneA9SlabFull.
Found ItemStack Botania:biomeStoneA9SlabFull. 64xtile.biomeStoneA9SlabFull@0
hide called. Params: Botania, biomeStoneB0SlabFull
Regex match found! Botania:biomeStoneB0SlabFull matches Botania:biomeStoneB0SlabFull.
Found ItemStack Botania:biomeStoneB0SlabFull. 64xtile.biomeStoneB0SlabFull@0
hide called. Params: Botania, biomeStoneB10SlabFull
hide called. Params: Botania, biomeStoneB1SlabFull
Regex match found! Botania:biomeStoneB1SlabFull matches Botania:biomeStoneB1SlabFull.
Found ItemStack Botania:biomeStoneB1SlabFull. 64xtile.biomeStoneB1SlabFull@0
hide called. Params: Botania, biomeStoneB2SlabFull
Regex match found! Botania:biomeStoneB2SlabFull matches Botania:biomeStoneB2SlabFull.
Found ItemStack Botania:biomeStoneB2SlabFull. 64xtile.biomeStoneB2SlabFull@0
hide called. Params: Botania, biomeStoneB3SlabFull
Regex match found! Botania:biomeStoneB3SlabFull matches Botania:biomeStoneB3SlabFull.
Found ItemStack Botania:biomeStoneB3SlabFull. 64xtile.biomeStoneB3SlabFull@0
hide called. Params: Botania, biomeStoneB4SlabFull
Regex match found! Botania:biomeStoneB4SlabFull matches Botania:biomeStoneB4SlabFull.
Found ItemStack Botania:biomeStoneB4SlabFull. 64xtile.biomeStoneB4SlabFull@0
hide called. Params: Botania, biomeStoneB5SlabFull
Regex match found! Botania:biomeStoneB5SlabFull matches Botania:biomeStoneB5SlabFull.
Found ItemStack Botania:biomeStoneB5SlabFull. 64xtile.biomeStoneB5SlabFull@0
hide called. Params: Botania, biomeStoneB6SlabFull
Regex match found! Botania:biomeStoneB6SlabFull matches Botania:biomeStoneB6SlabFull.
Found ItemStack Botania:biomeStoneB6SlabFull. 64xtile.biomeStoneB6SlabFull@0
hide called. Params: Botania, biomeStoneB7SlabFull
Regex match found! Botania:biomeStoneB7SlabFull matches Botania:biomeStoneB7SlabFull.
Found ItemStack Botania:biomeStoneB7SlabFull. 64xtile.biomeStoneB7SlabFull@0
hide called. Params: Botania, biomeStoneB8SlabFull
hide called. Params: Botania, biomeStoneB9SlabFull
hide called. Params: Botania, buriedPetals
Regex match found! Botania:buriedPetals matches Botania:buriedPetals.
Found ItemStack Botania:buriedPetals. 64xtile.buriedPetals@0
hide called. Params: Botania, customBrick0SlabFull
Regex match found! Botania:customBrick0SlabFull matches Botania:customBrick0SlabFull.
Found ItemStack Botania:customBrick0SlabFull. 64xtile.customBrick0SlabFull@0
hide called. Params: Botania, customBrick1SlabFull
Regex match found! Botania:customBrick1SlabFull matches Botania:customBrick1SlabFull.
Found ItemStack Botania:customBrick1SlabFull. 64xtile.customBrick1SlabFull@0
hide called. Params: Botania, customBrick2SlabFull
Regex match found! Botania:customBrick2SlabFull matches Botania:customBrick2SlabFull.
Found ItemStack Botania:customBrick2SlabFull. 64xtile.customBrick2SlabFull@0
hide called. Params: Botania, customBrick3SlabFull
Regex match found! Botania:customBrick3SlabFull matches Botania:customBrick3SlabFull.
Found ItemStack Botania:customBrick3SlabFull. 64xtile.customBrick3SlabFull@0
hide called. Params: Botania, dirtPath0SlabFull
Regex match found! Botania:dirtPath0SlabFull matches Botania:dirtPath0SlabFull.
Found ItemStack Botania:dirtPath0SlabFull. 64xtile.dirtPath0SlabFull@0
hide called. Params: Botania, dreamwood0SlabFull
Regex match found! Botania:dreamwood0SlabFull matches Botania:dreamwood0SlabFull.
Found ItemStack Botania:dreamwood0SlabFull. 64xtile.dreamwood0SlabFull@0
hide called. Params: Botania, dreamwood1SlabFull
Regex match found! Botania:dreamwood1SlabFull matches Botania:dreamwood1SlabFull.
Found ItemStack Botania:dreamwood1SlabFull. 64xtile.dreamwood1SlabFull@0
hide called. Params: Botania, endStoneBrick0SlabFull
Regex match found! Botania:endStoneBrick0SlabFull matches Botania:endStoneBrick0SlabFull.
Found ItemStack Botania:endStoneBrick0SlabFull. 64xtile.endStoneBrick0SlabFull@0
hide called. Params: Botania, endStoneBrick2SlabFull>
hide called. Params: Botania, fakeAir
Regex match found! Botania:fakeAir matches Botania:fakeAir.
Found ItemStack Botania:fakeAir. 64xtile.fakeAir@0
hide called. Params: Botania, livingrock0SlabFull
Regex match found! Botania:livingrock0SlabFull matches Botania:livingrock0SlabFull.
Found ItemStack Botania:livingrock0SlabFull. 64xtile.livingrock0SlabFull@0
hide called. Params: Botania, livingrock1SlabFull
Regex match found! Botania:livingrock1SlabFull matches Botania:livingrock1SlabFull.
Found ItemStack Botania:livingrock1SlabFull. 64xtile.livingrock1SlabFull@0
hide called. Params: Botania, livingwood0SlabFull
Regex match found! Botania:livingwood0SlabFull matches Botania:livingwood0SlabFull.
Found ItemStack Botania:livingwood0SlabFull. 64xtile.livingwood0SlabFull@0
hide called. Params: Botania, livingwood1SlabFull
Regex match found! Botania:livingwood1SlabFull matches Botania:livingwood1SlabFull.
Found ItemStack Botania:livingwood1SlabFull. 64xtile.livingwood1SlabFull@0
hide called. Params: Botania, manaFlame
Regex match found! Botania:manaFlame matches Botania:manaFlame.
Found ItemStack Botania:manaFlame. 64xtile.manaFlame@0
hide called. Params: Botania, pavement0SlabFull>
hide called. Params: Botania, pavement1SlabFull>
hide called. Params: Botania, pavement2SlabFull>
hide called. Params: Botania, pavement3SlabFull>
hide called. Params: Botania, pavement4SlabFull>
hide called. Params: Botania, pavement5SlabFull>
hide called. Params: Botania, prismarine0SlabFull
Regex match found! Botania:prismarine0SlabFull matches Botania:prismarine0SlabFull.
Found ItemStack Botania:prismarine0SlabFull. 64xtile.prismarine0SlabFull@0
hide called. Params: Botania, prismarine1SlabFull
Regex match found! Botania:prismarine1SlabFull matches Botania:prismarine1SlabFull.
Found ItemStack Botania:prismarine1SlabFull. 64xtile.prismarine1SlabFull@0
hide called. Params: Botania, prismarine2SlabFull
Regex match found! Botania:prismarine2SlabFull matches Botania:prismarine2SlabFull.
Found ItemStack Botania:prismarine2SlabFull. 64xtile.prismarine2SlabFull@0
hide called. Params: Botania, quartzSlabBlazeFull
Regex match found! Botania:quartzSlabBlazeFull matches Botania:quartzSlabBlazeFull.
Found ItemStack Botania:quartzSlabBlazeFull. 64xtile.quartzSlabBlazeFull@0
hide called. Params: Botania, quartzSlabDarkFull
Regex match found! Botania:quartzSlabDarkFull matches Botania:quartzSlabDarkFull.
Found ItemStack Botania:quartzSlabDarkFull. 64xtile.quartzSlabDarkFull@0
hide called. Params: Botania, quartzSlabElfFull
Regex match found! Botania:quartzSlabElfFull matches Botania:quartzSlabElfFull.
Found ItemStack Botania:quartzSlabElfFull. 64xtile.quartzSlabElfFull@0
hide called. Params: Botania, quartzSlabLavenderFull
Regex match found! Botania:quartzSlabLavenderFull matches Botania:quartzSlabLavenderFull.
Found ItemStack Botania:quartzSlabLavenderFull. 64xtile.quartzSlabLavenderFull@0
hide called. Params: Botania, quartzSlabManaFull
Regex match found! Botania:quartzSlabManaFull matches Botania:quartzSlabManaFull.
Found ItemStack Botania:quartzSlabManaFull. 64xtile.quartzSlabManaFull@0
hide called. Params: Botania, quartzSlabRedFull
Regex match found! Botania:quartzSlabRedFull matches Botania:quartzSlabRedFull.
Found ItemStack Botania:quartzSlabRedFull. 64xtile.quartzSlabRedFull@0
hide called. Params: Botania, quartzSlabSunnyFull
Regex match found! Botania:quartzSlabSunnyFull matches Botania:quartzSlabSunnyFull.
Found ItemStack Botania:quartzSlabSunnyFull. 64xtile.quartzSlabSunnyFull@0
hide called. Params: Botania, reedBlock0SlabFull
Regex match found! Botania:reedBlock0SlabFull matches Botania:reedBlock0SlabFull.
Found ItemStack Botania:reedBlock0SlabFull. 64xtile.reedBlock0SlabFull@0
hide called. Params: Botania, solidVine
Regex match found! Botania:solidVine matches Botania:solidVine.
Found ItemStack Botania:solidVine. 64xtile.solidVine@0
hide called. Params: Botania, stone0SlabFull
Regex match found! Botania:stone0SlabFull matches Botania:stone0SlabFull.
Found ItemStack Botania:stone0SlabFull. 64xtile.stone0SlabFull@0
hide called. Params: Botania, stone10SlabFull
Regex match found! Botania:stone10SlabFull matches Botania:stone10SlabFull.
Found ItemStack Botania:stone10SlabFull. 64xtile.stone10SlabFull@0
hide called. Params: Botania, stone11SlabFull
Regex match found! Botania:stone11SlabFull matches Botania:stone11SlabFull.
Found ItemStack Botania:stone11SlabFull. 64xtile.stone11SlabFull@0
hide called. Params: Botania, stone1SlabFull
Regex match found! Botania:stone1SlabFull matches Botania:stone1SlabFull.
Found ItemStack Botania:stone1SlabFull. 64xtile.stone1SlabFull@0
hide called. Params: Botania, stone2SlabFull
Regex match found! Botania:stone2SlabFull matches Botania:stone2SlabFull.
Found ItemStack Botania:stone2SlabFull. 64xtile.stone2SlabFull@0
hide called. Params: Botania, stone3SlabFull
Regex match found! Botania:stone3SlabFull matches Botania:stone3SlabFull.
Found ItemStack Botania:stone3SlabFull. 64xtile.stone3SlabFull@0
hide called. Params: Botania, stone8SlabFull
Regex match found! Botania:stone8SlabFull matches Botania:stone8SlabFull.
Found ItemStack Botania:stone8SlabFull. 64xtile.stone8SlabFull@0
hide called. Params: Botania, stone9SlabFull
Regex match found! Botania:stone9SlabFull matches Botania:stone9SlabFull.
Found ItemStack Botania:stone9SlabFull. 64xtile.stone9SlabFull@0
hide called. Params: Botania, thatch0SlabFull
Regex match found! Botania:thatch0SlabFull matches Botania:thatch0SlabFull.
Found ItemStack Botania:thatch0SlabFull. 64xtile.thatch0SlabFull@0
hide called. Params: Botany, flower
Regex match found! Botany:flower matches Botany:flower.
Found ItemStack Botany:flower. 64xbotany.flower@0
hide called. Params: chisel, amber
Regex match found! chisel:amber matches chisel:amber.
Found ItemStack chisel:amber. 64xtile.chisel.amber@0
hide called. Params: chisel, bloodBrick
Regex match found! chisel:bloodBrick matches chisel:bloodBrick.
Found ItemStack chisel:bloodBrick. 64xtile.chisel.bloodBrick@0
chisel:limestone_slab_top:1 has a bad registry name! Attempting to parse and reassemble correctly...
Parsed bad name into: modid: chisel, name: limestone_slab_top:1. If this is not correct please report it as a bug!
hide called. Params: chisel, limestone_slab_top:1
chisel:marble_pillar_slab_top:1 has a bad registry name! Attempting to parse and reassemble correctly...
Parsed bad name into: modid: chisel, name: marble_pillar_slab_top:1. If this is not correct please report it as a bug!
hide called. Params: chisel, marble_pillar_slab_top:1
chisel:marble_slab_top:1 has a bad registry name! Attempting to parse and reassemble correctly...
Parsed bad name into: modid: chisel, name: marble_slab_top:1. If this is not correct please report it as a bug!
hide called. Params: chisel, marble_slab_top:1
hide called. Params: dendrology, dslab0
Regex match found! dendrology:dslab0 matches dendrology:dslab0.
Found ItemStack dendrology:dslab0. 64xtile.dendrology:slab@0
hide called. Params: dendrology, dslab1
Regex match found! dendrology:dslab1 matches dendrology:dslab1.
Found ItemStack dendrology:dslab1. 64xtile.dendrology:slab@0
hide called. Params: HardcoreEnderExpansion, corrupted_energy_high
Regex match found! HardcoreEnderExpansion:corrupted_energy_high matches HardcoreEnderExpansion:corrupted_energy_high.
Found ItemStack HardcoreEnderExpansion:corrupted_energy_high. 64xtile.null@0
hide called. Params: HardcoreEnderExpansion, item_special_effects
Regex match found! HardcoreEnderExpansion:item_special_effects matches HardcoreEnderExpansion:item_special_effects.
Found ItemStack HardcoreEnderExpansion:item_special_effects. 64xitem.itemNumber@0
hide called. Params: HardcoreEnderExpansion, laser_beam
Regex match found! HardcoreEnderExpansion:laser_beam matches HardcoreEnderExpansion:laser_beam.
Found ItemStack HardcoreEnderExpansion:laser_beam. 64xtile.laserBeam@0
hide called. Params: HardcoreEnderExpansion, temple_end_portal
Regex match found! HardcoreEnderExpansion:temple_end_portal matches HardcoreEnderExpansion:temple_end_portal.
Found ItemStack HardcoreEnderExpansion:temple_end_portal. 64xtile.templeEndPortal@0
hide called. Params: JAKJ_RedstoneInMotion, tile.JAKJ_RedstoneInMotion_Spectre
Regex match found! JAKJ_RedstoneInMotion:tile.JAKJ_RedstoneInMotion_Spectre matches JAKJ_RedstoneInMotion:tile.JAKJ_RedstoneInMotion_Spectre.
Found ItemStack JAKJ_RedstoneInMotion:tile.JAKJ_RedstoneInMotion_Spectre. 64xtile.JAKJ_RedstoneInMotion_Spectre@0
hide called. Params: LogisticsPipes, logisticsPipeBlock
Regex match found! LogisticsPipes:logisticsPipeBlock matches LogisticsPipes:logisticsPipeBlock.
Found ItemStack LogisticsPipes:logisticsPipeBlock. 64xLogisticsPipes Pipe Block@0
hide called. Params: malisisdoors, curtain
hide called. Params: malisisdoors, door_acacia
Regex match found! malisisdoors:door_acacia matches malisisdoors:door_acacia.
Found ItemStack malisisdoors:door_acacia. 64xtile.door_acacia@0
hide called. Params: malisisdoors, door_birch
Regex match found! malisisdoors:door_birch matches malisisdoors:door_birch.
Found ItemStack malisisdoors:door_birch. 64xtile.door_birch@0
hide called. Params: malisisdoors, door_dark_oak
Regex match found! malisisdoors:door_dark_oak matches malisisdoors:door_dark_oak.
Found ItemStack malisisdoors:door_dark_oak. 64xtile.door_dark_oak@0
hide called. Params: malisisdoors, door_jungle
Regex match found! malisisdoors:door_jungle matches malisisdoors:door_jungle.
Found ItemStack malisisdoors:door_jungle. 64xtile.door_jungle@0
hide called. Params: malisisdoors, door_spruce
Regex match found! malisisdoors:door_spruce matches malisisdoors:door_spruce.
Found ItemStack malisisdoors:door_spruce. 64xtile.door_spruce@0
hide called. Params: malisisdoors, factory_door
Regex match found! malisisdoors:factory_door matches malisisdoors:factory_door.
Found ItemStack malisisdoors:factory_door. 64xtile.factory_door@0
hide called. Params: malisisdoors, forcefieldDoor
Regex match found! malisisdoors:forcefieldDoor matches malisisdoors:forcefieldDoor.
Found ItemStack malisisdoors:forcefieldDoor. 64xtile.forcefieldDoor@0
hide called. Params: malisisdoors, iron_sliding_door
Regex match found! malisisdoors:iron_sliding_door matches malisisdoors:iron_sliding_door.
Found ItemStack malisisdoors:iron_sliding_door. 64xtile.iron_sliding_door@0
hide called. Params: malisisdoors, item.custom_door
Regex match found! malisisdoors:item.custom_door matches malisisdoors:item.custom_door.
Found ItemStack malisisdoors:item.custom_door. 16xitem.custom_door@0
hide called. Params: malisisdoors, jail_door
Regex match found! malisisdoors:jail_door matches malisisdoors:jail_door.
Found ItemStack malisisdoors:jail_door. 64xtile.jail_door@0
hide called. Params: malisisdoors, laboratory_door
Regex match found! malisisdoors:laboratory_door matches malisisdoors:laboratory_door.
Found ItemStack malisisdoors:laboratory_door. 64xtile.laboratory_door@0
hide called. Params: malisisdoors, mixed_block
Regex match found! malisisdoors:mixed_block matches malisisdoors:mixed_block.
Found ItemStack malisisdoors:mixed_block. 64xtile.mixed_block@0
hide called. Params: malisisdoors, null
Regex match found! malisisdoors:null matches malisisdoors:null.
Found ItemStack malisisdoors:null. 64xtile.null@0
hide called. Params: malisisdoors, shoji_door
Regex match found! malisisdoors:shoji_door matches malisisdoors:shoji_door.
Found ItemStack malisisdoors:shoji_door. 64xtile.shoji_door@0
hide called. Params: malisisdoors, wood_sliding_door
Regex match found! malisisdoors:wood_sliding_door matches malisisdoors:wood_sliding_door.
Found ItemStack malisisdoors:wood_sliding_door. 64xtile.wood_sliding_door@0
hide called. Params: PneumaticCraft, droneRedstoneEmitter
Regex match found! PneumaticCraft:droneRedstoneEmitter matches PneumaticCraft:droneRedstoneEmitter.
Found ItemStack PneumaticCraft:droneRedstoneEmitter. 64xtile.droneRedstoneEmitter@0
hide called. Params: qmunitylib, qmunitylib.blocks.multipart
hide called. Params: RArm, BlockInvisible.Light
Regex match found! RArm:BlockInvisible.Light matches RArm:BlockInvisible.Light.
Found ItemStack RArm:BlockInvisible.Light. 64xtile.RArm.invisible@0
hide called. Params: RArm, BlockInvisible.Redstone
Regex match found! RArm:BlockInvisible.Redstone matches RArm:BlockInvisible.Redstone.
Found ItemStack RArm:BlockInvisible.Redstone. 64xtile.RArm.invisible@0
hide called. Params: TConstruct, GravelOre
Regex match found! TConstruct:GravelOre matches TConstruct:GravelOre.
Found ItemStack TConstruct:GravelOre. 64xtile.tconstruct.gravelore@0
hide called. Params: TConstruct, ore.berries.one
Regex match found! TConstruct:ore.berries.one matches TConstruct:ore.berries.one.
Found ItemStack TConstruct:ore.berries.one. 64xtile.ore.berries.one@0
hide called. Params: Thaumcraft, blockCosmeticDoubleSlabStone
Regex match found! Thaumcraft:blockCosmeticDoubleSlabStone matches Thaumcraft:blockCosmeticDoubleSlabStone.
Found ItemStack Thaumcraft:blockCosmeticDoubleSlabStone. 64xtile.blockCosmeticDoubleSlabStone@0
hide called. Params: Thaumcraft, blockCosmeticDoubleSlabWood
Regex match found! Thaumcraft:blockCosmeticDoubleSlabWood matches Thaumcraft:blockCosmeticDoubleSlabWood.
Found ItemStack Thaumcraft:blockCosmeticDoubleSlabWood. 64xtile.blockCosmeticDoubleSlabWood@0
hide called. Params: tropicraft, tile.bambooDoor
hide called. Params: tropicraft, tile.bambooMug
hide called. Params: tropicraft, tile.doubleSlabs
tropicraft:tile.doubleSlabs:1 has a bad registry name! Attempting to parse and reassemble correctly...
Parsed bad name into: modid: tropicraft, name: tile.doubleSlabs:1. If this is not correct please report it as a bug!
hide called. Params: tropicraft, tile.doubleSlabs:1
tropicraft:tile.doubleSlabs:10 has a bad registry name! Attempting to parse and reassemble correctly...
Parsed bad name into: modid: tropicraft, name: tile.doubleSlabs:10. If this is not correct please report it as a bug!
hide called. Params: tropicraft, tile.doubleSlabs:10
tropicraft:tile.doubleSlabs:11 has a bad registry name! Attempting to parse and reassemble correctly...
Parsed bad name into: modid: tropicraft, name: tile.doubleSlabs:11. If this is not correct please report it as a bug!
hide called. Params: tropicraft, tile.doubleSlabs:11
tropicraft:tile.doubleSlabs:2 has a bad registry name! Attempting to parse and reassemble correctly...
Parsed bad name into: modid: tropicraft, name: tile.doubleSlabs:2. If this is not correct please report it as a bug!
hide called. Params: tropicraft, tile.doubleSlabs:2
tropicraft:tile.doubleSlabs:3 has a bad registry name! Attempting to parse and reassemble correctly...
Parsed bad name into: modid: tropicraft, name: tile.doubleSlabs:3. If this is not correct please report it as a bug!
hide called. Params: tropicraft, tile.doubleSlabs:3
tropicraft:tile.doubleSlabs:9 has a bad registry name! Attempting to parse and reassemble correctly...
Parsed bad name into: modid: tropicraft, name: tile.doubleSlabs:9. If this is not correct please report it as a bug!
hide called. Params: tropicraft, tile.doubleSlabs:9
hide called. Params: tropicraft, tile.rainStopper
hide called. Params: tropicraft, tile.tropicsWater
hide called. Params: TwilightForest, tile.AuroraDoubleSlab
Regex match found! TwilightForest:tile.AuroraDoubleSlab matches TwilightForest:tile.AuroraDoubleSlab.
Found ItemStack TwilightForest:tile.AuroraDoubleSlab. 64xtile.AuroraDoubleSlab@0
hide called. Params: TwilightForest, tile.TFUncraftingTable
Regex match found! TwilightForest:tile.TFUncraftingTable matches TwilightForest:tile.TFUncraftingTable.
Found ItemStack TwilightForest:tile.TFUncraftingTable. 64xtile.TFUncraftingTable@0
hide called. Params: witchery, icedoubleslab
Regex match found! witchery:icedoubleslab matches witchery:icedoubleslab.
Found ItemStack witchery:icedoubleslab. 64xtile.witchery:icedoubleslab@0
hide called. Params: witchery, snowdoubleslab
Regex match found! witchery:snowdoubleslab matches witchery:snowdoubleslab.
Found ItemStack witchery:snowdoubleslab. 64xtile.witchery:snowdoubleslab@0
hide called. Params: witchery, witchwooddoubleslab
Regex match found! witchery:witchwooddoubleslab matches witchery:witchwooddoubleslab.
Found ItemStack witchery:witchwooddoubleslab. 64xtile.witchery:witchwooddoubleslab@0
witchery:witchwooddoubleslab:1 has a bad registry name! Attempting to parse and reassemble correctly...
Parsed bad name into: modid: witchery, name: witchwooddoubleslab:1. If this is not correct please report it as a bug!
hide called. Params: witchery, witchwooddoubleslab:1
witchery:witchwooddoubleslab:2 has a bad registry name! Attempting to parse and reassemble correctly...
Parsed bad name into: modid: witchery, name: witchwooddoubleslab:2. If this is not correct please report it as a bug!
hide called. Params: witchery, witchwooddoubleslab:2
override called. Params: extracells, pattern.fluid, 0
Regex match found! extracells:pattern.fluid matches extracells:pattern.fluid.
Found ItemStack extracells:pattern.fluid. 1xitem.extracells.pattern.fluid@0
override called. Params: OpenBlocks, tank, 0
Regex match found! OpenBlocks:tank matches OpenBlocks:tank.
Found ItemStack OpenBlocks:tank. 64xtile.openblocks.tank@0
override called. Params: pressure, Canister, 0
Regex match found! pressure:Canister matches pressure:Canister.
Found ItemStack pressure:Canister. 1xitem.pressure.Canister@0
Loading: StorageDrawers.js
override called. Params: StorageDrawers, *, 0
Regex match found! StorageDrawers:* matches StorageDrawers:compDrawers.
Regex match found! StorageDrawers:* matches StorageDrawers:controller.
Regex match found! StorageDrawers:* matches StorageDrawers:controllerSlave.
Regex match found! StorageDrawers:* matches StorageDrawers:framingTable.
Regex match found! StorageDrawers:* matches StorageDrawers:fullCustom1.
Regex match found! StorageDrawers:* matches StorageDrawers:fullCustom2.
Regex match found! StorageDrawers:* matches StorageDrawers:fullCustom4.
Regex match found! StorageDrawers:* matches StorageDrawers:fullDrawers1.
Regex match found! StorageDrawers:* matches StorageDrawers:fullDrawers2.
Regex match found! StorageDrawers:* matches StorageDrawers:fullDrawers4.
Regex match found! StorageDrawers:* matches StorageDrawers:halfCustom2.
Regex match found! StorageDrawers:* matches StorageDrawers:halfCustom4.
Regex match found! StorageDrawers:* matches StorageDrawers:halfDrawers2.
Regex match found! StorageDrawers:* matches StorageDrawers:halfDrawers4.
Regex match found! StorageDrawers:* matches StorageDrawers:personalKey.
Regex match found! StorageDrawers:* matches StorageDrawers:shroudKey.
Regex match found! StorageDrawers:* matches StorageDrawers:tape.
Regex match found! StorageDrawers:* matches StorageDrawers:trim.
Regex match found! StorageDrawers:* matches StorageDrawers:trimCustom.
Regex match found! StorageDrawers:* matches StorageDrawers:upgrade.
Regex match found! StorageDrawers:* matches StorageDrawers:upgradeCreative.
Regex match found! StorageDrawers:* matches StorageDrawers:upgradeLock.
Regex match found! StorageDrawers:* matches StorageDrawers:upgradeRedstone.
Regex match found! StorageDrawers:* matches StorageDrawers:upgradeStatus.
Regex match found! StorageDrawers:* matches StorageDrawers:upgradeTemplate.
Regex match found! StorageDrawers:* matches StorageDrawers:upgradeVoid.
Found ItemStack StorageDrawers:compDrawers. 64xtile.compDrawers@0
Found ItemStack StorageDrawers:controller. 64xtile.drawerController@0
Found ItemStack StorageDrawers:controllerSlave. 64xtile.controllerSlave@0
Found ItemStack StorageDrawers:framingTable. 64xtile.framingTable@0
Found ItemStack StorageDrawers:fullCustom1. 64xtile.fullCustom1@0
Found ItemStack StorageDrawers:fullCustom2. 64xtile.fullCustom2@0
Found ItemStack StorageDrawers:fullCustom4. 64xtile.fullCustom4@0
Found ItemStack StorageDrawers:fullDrawers1. 64xtile.fullDrawers1@0
Found ItemStack StorageDrawers:fullDrawers2. 64xtile.fullDrawers2@0
Found ItemStack StorageDrawers:fullDrawers4. 64xtile.fullDrawers4@0
Found ItemStack StorageDrawers:halfCustom2. 64xtile.halfCustom2@0
Found ItemStack StorageDrawers:halfCustom4. 64xtile.halfCustom4@0
Found ItemStack StorageDrawers:halfDrawers2. 64xtile.halfDrawers2@0
Found ItemStack StorageDrawers:halfDrawers4. 64xtile.halfDrawers4@0
Found ItemStack StorageDrawers:personalKey. 64xitem.storagedrawers.personalKey@0
Found ItemStack StorageDrawers:shroudKey. 64xitem.storagedrawers.shroudKey@0
Found ItemStack StorageDrawers:tape. 1xitem.storagedrawers.tape@0
Found ItemStack StorageDrawers:trim. 64xtile.trim@0
Found ItemStack StorageDrawers:trimCustom. 64xtile.trimCustom@0
Found ItemStack StorageDrawers:upgrade. 64xitem.storagedrawers.upgrade@0
Found ItemStack StorageDrawers:upgradeCreative. 64xitem.storagedrawers.upgradeCreative@0
Found ItemStack StorageDrawers:upgradeLock. 64xitem.storagedrawers.upgradeLock@0
Found ItemStack StorageDrawers:upgradeRedstone. 64xitem.storagedrawers.upgradeRedstone@0
Found ItemStack StorageDrawers:upgradeStatus. 64xitem.storagedrawers.upgradeStatus@0
Found ItemStack StorageDrawers:upgradeTemplate. 64xitem.storagedrawers.upgradeTemplate@0
Found ItemStack StorageDrawers:upgradeVoid. 64xitem.storagedrawers.upgradeVoid@0
override called. Params: StorageDrawers, upgrade, 2,3,4,5,6
Regex match found! StorageDrawers:upgrade matches StorageDrawers:upgrade.
Found ItemStack StorageDrawers:upgrade. 64xitem.storagedrawers.upgrade@0
override called. Params: StorageDrawers, upgradeStatus, 1,2
Regex match found! StorageDrawers:upgradeStatus matches StorageDrawers:upgradeStatus.
Found ItemStack StorageDrawers:upgradeStatus. 64xitem.storagedrawers.upgradeStatus@0
hide called. Params: StorageDrawersBop, *
hide called. Params: StorageDrawersForestry, *
hide called. Params: StorageDrawersMisc, *
hide called. Params: dendrology, fullDrawers1
Regex match found! dendrology:fullDrawers1 matches dendrology:fullDrawers1.
Found ItemStack dendrology:fullDrawers1. 64xtile.dendrology.fullDrawers1@0
hide called. Params: dendrology, fullDrawers2
Regex match found! dendrology:fullDrawers2 matches dendrology:fullDrawers2.
Found ItemStack dendrology:fullDrawers2. 64xtile.dendrology.fullDrawers2@0
hide called. Params: dendrology, fullDrawers4
Regex match found! dendrology:fullDrawers4 matches dendrology:fullDrawers4.
Found ItemStack dendrology:fullDrawers4. 64xtile.dendrology.fullDrawers4@0
hide called. Params: dendrology, halfDrawers2
Regex match found! dendrology:halfDrawers2 matches dendrology:halfDrawers2.
Found ItemStack dendrology:halfDrawers2. 64xtile.dendrology.halfDrawers2@0
hide called. Params: dendrology, halfDrawers4
Regex match found! dendrology:halfDrawers4 matches dendrology:halfDrawers4.
Found ItemStack dendrology:halfDrawers4. 64xtile.dendrology.halfDrawers4@0
hide called. Params: dendrology, fullDrawersSort1
hide called. Params: dendrology, fullDrawersSort2
hide called. Params: dendrology, fullDrawersSort4
hide called. Params: dendrology, halfDrawersSort4
hide called. Params: dendrology, halfDrawersSort2
Loading: Tcon.js
override called. Params: TConstruct, tool*, 0
Regex match found! TConstruct:tool* matches TConstruct:toolRod.
Regex match found! TConstruct:tool* matches TConstruct:toolShard.
Found ItemStack TConstruct:toolRod. 64xitem.tconstruct.ToolRod@0
Found ItemStack TConstruct:toolShard. 64xitem.tconstruct.ToolShard@0
override called. Params: TConstruct, binding, 0
Regex match found! TConstruct:binding matches TConstruct:binding.
Found ItemStack TConstruct:binding. 64xitem.tconstruct.Binding@0
override called. Params: TConstruct, scytheBlade, 0
Regex match found! TConstruct:scytheBlade matches TConstruct:scytheBlade.
Found ItemStack TConstruct:scytheBlade. 64xitem.tconstruct.ScytheHead@0
override called. Params: TConstruct, ore.berries.two, 9
Regex match found! TConstruct:ore.berries.two matches TConstruct:ore.berries.two.
Found ItemStack TConstruct:ore.berries.two. 64xtile.ore.berries.two@0
override called. Params: TConstruct, oreBerries, 5
Regex match found! TConstruct:oreBerries matches TConstruct:oreBerries.
Found ItemStack TConstruct:oreBerries. 64xitem.oreberry@0
Loading: ThermalExpansion.js
override called. Params: ThermalExpansion, florb, 0,1
Regex match found! ThermalExpansion:florb matches ThermalExpansion:florb.
Found ItemStack ThermalExpansion:florb. 16xitem.thermalexpansion.florb@0
Loading: vanilla.js
hide called. Params: minecraft, portal
Regex match found! minecraft:portal matches minecraft:portal.
Found ItemStack minecraft:portal. 64xtile.portal@0
hide called. Params: minecraft, end_portal
Regex match found! minecraft:end_portal matches minecraft:end_portal.
Found ItemStack minecraft:end_portal. 64xtile.null@0
hide called. Params: minecraft, fire
Regex match found! minecraft:fire matches minecraft:fire.
Found ItemStack minecraft:fire. 64xtile.fire@0
hide called. Params: minecraft, water
Regex match found! minecraft:water matches minecraft:water.
Found ItemStack minecraft:water. 64xtile.water@0
hide called. Params: minecraft, lava
Regex match found! minecraft:lava matches minecraft:lava.
Found ItemStack minecraft:lava. 64xtile.lava@0
hide called. Params: minecraft, mob_spawner
Regex match found! minecraft:mob_spawner matches minecraft:mob_spawner.
Found ItemStack minecraft:mob_spawner. 64xtile.mobSpawner@0
Loading: WitchingGadgets.js
override called. Params: WitchingGadgets, item.WG_CrystalFlask, 0
Regex match found! WitchingGadgets:item.WG_CrystalFlask matches WitchingGadgets:item.WG_CrystalFlask.
Found ItemStack WitchingGadgets:item.WG_CrystalFlask. 64xitem.WG_CrystalFlask@0
